Using pre-set license
Built from '2020.3/release' branch; Version is '2020.3.27f1 (e759542391ea) revision 15161684'; Using compiler version '192528614'; Build Type 'Release'
OS: 'Windows 11  (10.0.22000) 64bit Core' Language: 'ko' Physical Memory: 16057 MB
BatchMode: 1, IsHumanControllingUs: 0, StartBugReporterOnCrash: 0, Is64bit: 1, IsPro: 0

COMMAND LINE ARGUMENTS:
C:\Program Files\Unity\Hub\Editor\2020.3.27f1\Editor\Unity.exe
-adb2
-batchMode
-noUpm
-name
AssetImportWorker0
-projectPath
C:/Users/User/dog vs cat
-logFile
Logs/AssetImportWorker0.log
-srvPort
51902
Successfully changed project path to: C:/Users/User/dog vs cat
C:/Users/User/dog vs cat
Using Asset Import Pipeline V2.
Refreshing native plugins compatible for Editor in 40.15 ms, found 3 plugins.
Preloading 0 native plugins for Editor in 0.00 ms.
Initialize engine version: 2020.3.27f1 (e759542391ea)
[Subsystems] Discovering subsystems at path C:/Program Files/Unity/Hub/Editor/2020.3.27f1/Editor/Data/Resources/UnitySubsystems
[Subsystems] Discovering subsystems at path C:/Users/User/dog vs cat/Assets
GfxDevice: creating device client; threaded=0
Direct3D:
    Version:  Direct3D 11.0 [level 11.1]
    Renderer: NVIDIA GeForce MX450 (ID=0x1f97)
    Vendor:   
    VRAM:     1928 MB
    Driver:   27.21.14.5256
Initialize mono
Mono path[0] = 'C:/Program Files/Unity/Hub/Editor/2020.3.27f1/Editor/Data/Managed'
Mono path[1] = 'C:/Program Files/Unity/Hub/Editor/2020.3.27f1/Editor/Data/MonoBleedingEdge/lib/mono/unityjit'
Mono config path = 'C:/Program Files/Unity/Hub/Editor/2020.3.27f1/Editor/Data/MonoBleedingEdge/etc'
Using monoOptions --debugger-agent=transport=dt_socket,embedding=1,server=y,suspend=n,address=127.0.0.1:56244
Begin MonoManager ReloadAssembly
Registering precompiled unity dll's ...
Register platform support module: C:/Program Files/Unity/Hub/Editor/2020.3.27f1/Editor/Data/PlaybackEngines/WebGLSupport/UnityEditor.WebGL.Extensions.dll
Register platform support module: C:/Program Files/Unity/Hub/Editor/2020.3.27f1/Editor/Data/PlaybackEngines/WindowsStandaloneSupport/UnityEditor.WindowsStandalone.Extensions.dll
Registered in 0.001390 seconds.
Native extension for WindowsStandalone target not found
Native extension for WebGL target not found
Refreshing native plugins compatible for Editor in 39.66 ms, found 3 plugins.
Preloading 0 native plugins for Editor in 0.00 ms.
Mono: successfully reloaded assembly
- Completed reload, in  0.547 seconds
Domain Reload Profiling:
	ReloadAssembly (547ms)
		BeginReloadAssembly (50ms)
			ExecutionOrderSort (0ms)
			DisableScriptedObjects (0ms)
			BackupInstance (0ms)
			ReleaseScriptingObjects (0ms)
			CreateAndSetChildDomain (1ms)
		EndReloadAssembly (429ms)
			LoadAssemblies (49ms)
			RebuildTransferFunctionScriptingTraits (0ms)
			SetupTypeCache (127ms)
			ReleaseScriptCaches (0ms)
			RebuildScriptCaches (27ms)
			SetupLoadedEditorAssemblies (161ms)
				LogAssemblyErrors (0ms)
				InitializePlatformSupportModulesInManaged (4ms)
				SetLoadedEditorAssemblies (0ms)
				RefreshPlugins (40ms)
				BeforeProcessingInitializeOnLoad (13ms)
				ProcessInitializeOnLoadAttributes (78ms)
				ProcessInitializeOnLoadMethodAttributes (25ms)
				AfterProcessingInitializeOnLoad (0ms)
				EditorAssembliesLoaded (0ms)
			ExecutionOrderSort2 (0ms)
			AwakeInstancesAfterBackupRestoration (0ms)
Platform modules already initialized, skipping
Registering precompiled user dll's ...
Registered in 0.002852 seconds.
Begin MonoManager ReloadAssembly
Native extension for WindowsStandalone target not found
Native extension for WebGL target not found
Refreshing native plugins compatible for Editor in 42.24 ms, found 3 plugins.
Preloading 0 native plugins for Editor in 0.00 ms.
Mono: successfully reloaded assembly
- Completed reload, in  0.961 seconds
Domain Reload Profiling:
	ReloadAssembly (962ms)
		BeginReloadAssembly (118ms)
			ExecutionOrderSort (0ms)
			DisableScriptedObjects (4ms)
			BackupInstance (0ms)
			ReleaseScriptingObjects (0ms)
			CreateAndSetChildDomain (17ms)
		EndReloadAssembly (793ms)
			LoadAssemblies (81ms)
			RebuildTransferFunctionScriptingTraits (0ms)
			SetupTypeCache (254ms)
			ReleaseScriptCaches (1ms)
			RebuildScriptCaches (40ms)
			SetupLoadedEditorAssemblies (316ms)
				LogAssemblyErrors (0ms)
				InitializePlatformSupportModulesInManaged (5ms)
				SetLoadedEditorAssemblies (0ms)
				RefreshPlugins (42ms)
				BeforeProcessingInitializeOnLoad (73ms)
				ProcessInitializeOnLoadAttributes (177ms)
				ProcessInitializeOnLoadMethodAttributes (15ms)
				AfterProcessingInitializeOnLoad (3ms)
				EditorAssembliesLoaded (0ms)
			ExecutionOrderSort2 (0ms)
			AwakeInstancesAfterBackupRestoration (6ms)
Platform modules already initialized, skipping
========================================================================
Worker process is ready to serve import requests
Launched and connected shader compiler UnityShaderCompiler.exe after 0.04 seconds
Refreshing native plugins compatible for Editor in 0.42 ms, found 3 plugins.
Preloading 0 native plugins for Editor in 0.00 ms.
Unloading 2204 Unused Serialized files (Serialized files now loaded: 0)
System memory in use before: 96.2 MB.
System memory in use after: 96.1 MB.

Unloading 34 unused Assets to reduce memory usage. Loaded Objects now: 2632.
Total: 2.606500 ms (FindLiveObjects: 0.132300 ms CreateObjectMapping: 0.047400 ms MarkObjects: 2.296200 ms  DeleteObjects: 0.129400 ms)

AssetImportParameters requested are different than current active one (requested -> active):
  custom:framework-win-MediaFoundation: 216162199b28c13a410421893ffa2e32 -> 
  custom:video-decoder-ogg-theora: a1e56fd34408186e4bbccfd4996cb3dc -> 
  custom:container-muxer-webm: aa71ff27fc2769a1b78a27578f13a17b -> 
  custom:container-demuxer-webm: 4f35f7cbe854078d1ac9338744f61a02 -> 
  custom:container-demuxer-ogg: 62fdf1f143b41e24485cea50d1cbac27 -> 
  custom:video-encoder-webm-vp8: eb34c28f22e8b96e1ab97ce403110664 -> 
  custom:video-codec-MediaFoundation-h265: 746d11721c4dcdbdad8f713fa42b33f4 -> 
  custom:video-decoder-webm-vp8: 9c59270c3fd7afecdb556c50c9e8de78 -> 
  custom:audio-decoder-ogg-vorbis: bf7c407c2cedff20999df2af8eb42d56 -> 
  custom:audio-encoder-webm-vorbis: bf7c407c2cedff20999df2af8eb42d56 -> 
========================================================================
Received Import Request.
  path: Assets/Images/spartaMsg.png
  artifactKey: Guid(d356aa8f8f6c36448bdf6a6669aa2d80) Importer(815301076,1909f56bfc062723c751e8b465ee728b)
Start importing Assets/Images/spartaMsg.png using Guid(d356aa8f8f6c36448bdf6a6669aa2d80) Importer(815301076,1909f56bfc062723c751e8b465ee728b)  -> (artifact id: 'ecf6b97e681d7e4c029dc91453514e4f') in 0.125911 seconds 
  Import took 0.130141 seconds .

========================================================================
Received Import Request.
  Time since last request: 2.281887 seconds.
  path: Assets/Images/pirateCat_2.png
  artifactKey: Guid(d7ef0ffd048ffef479aead466084bfd5) Importer(815301076,1909f56bfc062723c751e8b465ee728b)
Start importing Assets/Images/pirateCat_2.png using Guid(d7ef0ffd048ffef479aead466084bfd5) Importer(815301076,1909f56bfc062723c751e8b465ee728b)  -> (artifact id: '2fa461f3e98cf40520853bdd60b350b7') in 0.029500 seconds 
  Import took 0.032835 seconds .

========================================================================
Received Import Request.
  Time since last request: 0.000222 seconds.
  path: Assets/Images/retryBtn.png
  artifactKey: Guid(14cfdf5e1668eff479c7c83dfe082a6e) Importer(815301076,1909f56bfc062723c751e8b465ee728b)
Start importing Assets/Images/retryBtn.png using Guid(14cfdf5e1668eff479c7c83dfe082a6e) Importer(815301076,1909f56bfc062723c751e8b465ee728b)  -> (artifact id: '48c2ad0d25c3bb6e73944123f63cd786') in 0.029280 seconds 
  Import took 0.033049 seconds .

========================================================================
Received Import Request.
  Time since last request: 0.000279 seconds.
  path: Assets/Images/pirateCat_full.png
  artifactKey: Guid(d8211980dcc9c75428e62b2c2bd99424) Importer(815301076,1909f56bfc062723c751e8b465ee728b)
Start importing Assets/Images/pirateCat_full.png using Guid(d8211980dcc9c75428e62b2c2bd99424) Importer(815301076,1909f56bfc062723c751e8b465ee728b)  -> (artifact id: '35c7604e80976ad91915f0b8e7621f0d') in 0.021042 seconds 
  Import took 0.024174 seconds .

========================================================================
Received Import Request.
  Time since last request: 0.000205 seconds.
  path: Assets/Images/startBtn.png
  artifactKey: Guid(da8aeb08bb83204438f3b6d94509fddd) Importer(815301076,1909f56bfc062723c751e8b465ee728b)
Start importing Assets/Images/startBtn.png using Guid(da8aeb08bb83204438f3b6d94509fddd) Importer(815301076,1909f56bfc062723c751e8b465ee728b)  -> (artifact id: '0d210efda8cd313526ef7ed0a9e263c5') in 0.029605 seconds 
  Import took 0.033253 seconds .

========================================================================
Received Import Request.
  Time since last request: 5.663768 seconds.
  path: Assets/Images/normaCat_full.png
  artifactKey: Guid(785d5d04022db914a9c1096ed3c4f009) Importer(815301076,1909f56bfc062723c751e8b465ee728b)
Start importing Assets/Images/normaCat_full.png using Guid(785d5d04022db914a9c1096ed3c4f009) Importer(815301076,1909f56bfc062723c751e8b465ee728b)  -> (artifact id: 'b812bf5d359ff0953b4972750843c6c8') in 0.016093 seconds 
  Import took 0.019822 seconds .

========================================================================
Received Import Request.
  Time since last request: 0.000250 seconds.
  path: Assets/Images/pirateCat_1.png
  artifactKey: Guid(33a3347488e49114b8754f5c22d64bb4) Importer(815301076,1909f56bfc062723c751e8b465ee728b)
Start importing Assets/Images/pirateCat_1.png using Guid(33a3347488e49114b8754f5c22d64bb4) Importer(815301076,1909f56bfc062723c751e8b465ee728b)  -> (artifact id: '8946e1b2f8ec76e8f1dd43cf5633e11c') in 0.023896 seconds 
  Import took 0.027620 seconds .

========================================================================
Received Import Request.
  Time since last request: 0.518283 seconds.
  path: Assets/Images/normaCat_1.png
  artifactKey: Guid(326bc2cbbe0c10c44863ccd7f5093e22) Importer(815301076,1909f56bfc062723c751e8b465ee728b)
Start importing Assets/Images/normaCat_1.png using Guid(326bc2cbbe0c10c44863ccd7f5093e22) Importer(815301076,1909f56bfc062723c751e8b465ee728b)  -> (artifact id: '495715cd67de97b1f5429b9c7ee719c3') in 0.015464 seconds 
  Import took 0.019532 seconds .

========================================================================
Received Import Request.
  Time since last request: 0.000206 seconds.
  path: Assets/Images/normaCat_2.png
  artifactKey: Guid(cc7286cb1ab78724b89f7510a31e8fd2) Importer(815301076,1909f56bfc062723c751e8b465ee728b)
Start importing Assets/Images/normaCat_2.png using Guid(cc7286cb1ab78724b89f7510a31e8fd2) Importer(815301076,1909f56bfc062723c751e8b465ee728b)  -> (artifact id: '8d3050418c1e70a9815dbbf0de5358ff') in 0.030802 seconds 
  Import took 0.033658 seconds .

========================================================================
Received Import Request.
  Time since last request: 13.670250 seconds.
  path: Assets/Images/fish_shop.png
  artifactKey: Guid(f0d70e33c8e38c343841c877986f5e8d) Importer(815301076,1909f56bfc062723c751e8b465ee728b)
Start importing Assets/Images/fish_shop.png using Guid(f0d70e33c8e38c343841c877986f5e8d) Importer(815301076,1909f56bfc062723c751e8b465ee728b)  -> (artifact id: 'b73ea40561fa556c769ab8ee4f9b7759') in 0.022965 seconds 
  Import took 0.036148 seconds .

========================================================================
Received Import Request.
  Time since last request: 0.000381 seconds.
  path: Assets/Images/intro.png
  artifactKey: Guid(d8ce9f3688dd4f44ab776168d2fc99b6) Importer(815301076,1909f56bfc062723c751e8b465ee728b)
Start importing Assets/Images/intro.png using Guid(d8ce9f3688dd4f44ab776168d2fc99b6) Importer(815301076,1909f56bfc062723c751e8b465ee728b)  -> (artifact id: '108a5105f7b9f605cb02bdb7b819b14c') in 0.076830 seconds 
  Import took 0.079906 seconds .

========================================================================
Received Import Request.
  Time since last request: 0.453312 seconds.
  path: Assets/Images/fatCat_2.png
  artifactKey: Guid(a73d5f1fc11a90a4eb9947205f8ff0a2) Importer(815301076,1909f56bfc062723c751e8b465ee728b)
Start importing Assets/Images/fatCat_2.png using Guid(a73d5f1fc11a90a4eb9947205f8ff0a2) Importer(815301076,1909f56bfc062723c751e8b465ee728b)  -> (artifact id: '0bf5642f0d88c9291d972af4ebeb392f') in 0.033457 seconds 
  Import took 0.038992 seconds .

========================================================================
Received Import Request.
  Time since last request: 0.000214 seconds.
  path: Assets/Images/fatCat_full.png
  artifactKey: Guid(74eba117a7edede4e936884d93e21df1) Importer(815301076,1909f56bfc062723c751e8b465ee728b)
Start importing Assets/Images/fatCat_full.png using Guid(74eba117a7edede4e936884d93e21df1) Importer(815301076,1909f56bfc062723c751e8b465ee728b)  -> (artifact id: '12a241b7c388aa43002041f27d0764b9') in 0.015853 seconds 
  Import took 0.018732 seconds .

========================================================================
Received Import Request.
  Time since last request: 0.467170 seconds.
  path: Assets/Images/cat_level.png
  artifactKey: Guid(fc9af549201c6ec4dadf82d80daa92ac) Importer(815301076,1909f56bfc062723c751e8b465ee728b)
Start importing Assets/Images/cat_level.png using Guid(fc9af549201c6ec4dadf82d80daa92ac) Importer(815301076,1909f56bfc062723c751e8b465ee728b)  -> (artifact id: '0e263fe8bbc6d7197a59d55d72feaf12') in 0.016477 seconds 
  Import took 0.021005 seconds .

========================================================================
Received Import Request.
  Time since last request: 0.000273 seconds.
  path: Assets/Images/fatCat_1.png
  artifactKey: Guid(c00631ffae17bff43b9c6976e09a39a3) Importer(815301076,1909f56bfc062723c751e8b465ee728b)
Start importing Assets/Images/fatCat_1.png using Guid(c00631ffae17bff43b9c6976e09a39a3) Importer(815301076,1909f56bfc062723c751e8b465ee728b)  -> (artifact id: 'e265882d2b985714cc1f3c4546ed1e4c') in 0.016009 seconds 
  Import took 0.019155 seconds .

========================================================================
Received Prepare
Refreshing native plugins compatible for Editor in 3.89 ms, found 3 plugins.
Preloading 0 native plugins for Editor in 0.00 ms.
Unloading 21 Unused Serialized files (Serialized files now loaded: 0)
System memory in use before: 56.3 MB.
System memory in use after: 56.3 MB.

Unloading 21 unused Assets to reduce memory usage. Loaded Objects now: 2652.
Total: 4.405800 ms (FindLiveObjects: 0.185400 ms CreateObjectMapping: 0.055100 ms MarkObjects: 4.009000 ms  DeleteObjects: 0.154900 ms)

AssetImportParameters requested are different than current active one (requested -> active):
  custom:framework-win-MediaFoundation: 216162199b28c13a410421893ffa2e32 -> 
  custom:video-decoder-ogg-theora: a1e56fd34408186e4bbccfd4996cb3dc -> 
  custom:container-muxer-webm: aa71ff27fc2769a1b78a27578f13a17b -> 
  custom:container-demuxer-webm: 4f35f7cbe854078d1ac9338744f61a02 -> 
  custom:container-demuxer-ogg: 62fdf1f143b41e24485cea50d1cbac27 -> 
  custom:video-encoder-webm-vp8: eb34c28f22e8b96e1ab97ce403110664 -> 
  custom:video-codec-MediaFoundation-h265: 746d11721c4dcdbdad8f713fa42b33f4 -> 
  custom:video-decoder-webm-vp8: 9c59270c3fd7afecdb556c50c9e8de78 -> 
  custom:audio-decoder-ogg-vorbis: bf7c407c2cedff20999df2af8eb42d56 -> 
  custom:audio-encoder-webm-vorbis: bf7c407c2cedff20999df2af8eb42d56 -> 
========================================================================
Received Prepare
Refreshing native plugins compatible for Editor in 2.49 ms, found 3 plugins.
Preloading 0 native plugins for Editor in 0.00 ms.
Unloading 21 Unused Serialized files (Serialized files now loaded: 0)
System memory in use before: 56.3 MB.
System memory in use after: 56.3 MB.

Unloading 21 unused Assets to reduce memory usage. Loaded Objects now: 2652.
Total: 3.588400 ms (FindLiveObjects: 0.144500 ms CreateObjectMapping: 0.056000 ms MarkObjects: 3.255800 ms  DeleteObjects: 0.130800 ms)

AssetImportParameters requested are different than current active one (requested -> active):
  custom:framework-win-MediaFoundation: 216162199b28c13a410421893ffa2e32 -> 
  custom:video-decoder-ogg-theora: a1e56fd34408186e4bbccfd4996cb3dc -> 
  custom:container-muxer-webm: aa71ff27fc2769a1b78a27578f13a17b -> 
  custom:container-demuxer-webm: 4f35f7cbe854078d1ac9338744f61a02 -> 
  custom:container-demuxer-ogg: 62fdf1f143b41e24485cea50d1cbac27 -> 
  custom:video-encoder-webm-vp8: eb34c28f22e8b96e1ab97ce403110664 -> 
  custom:video-codec-MediaFoundation-h265: 746d11721c4dcdbdad8f713fa42b33f4 -> 
  custom:video-decoder-webm-vp8: 9c59270c3fd7afecdb556c50c9e8de78 -> 
  custom:audio-decoder-ogg-vorbis: bf7c407c2cedff20999df2af8eb42d56 -> 
  custom:audio-encoder-webm-vorbis: bf7c407c2cedff20999df2af8eb42d56 -> 
========================================================================
Received Prepare
Registering precompiled user dll's ...
Registered in 0.002853 seconds.
Begin MonoManager ReloadAssembly
Native extension for WindowsStandalone target not found
Native extension for WebGL target not found
Refreshing native plugins compatible for Editor in 0.43 ms, found 3 plugins.
Preloading 0 native plugins for Editor in 0.00 ms.
Mono: successfully reloaded assembly
- Completed reload, in  0.815 seconds
Domain Reload Profiling:
	ReloadAssembly (815ms)
		BeginReloadAssembly (100ms)
			ExecutionOrderSort (0ms)
			DisableScriptedObjects (5ms)
			BackupInstance (0ms)
			ReleaseScriptingObjects (0ms)
			CreateAndSetChildDomain (32ms)
		EndReloadAssembly (661ms)
			LoadAssemblies (79ms)
			RebuildTransferFunctionScriptingTraits (0ms)
			SetupTypeCache (238ms)
			ReleaseScriptCaches (1ms)
			RebuildScriptCaches (33ms)
			SetupLoadedEditorAssemblies (241ms)
				LogAssemblyErrors (0ms)
				InitializePlatformSupportModulesInManaged (4ms)
				SetLoadedEditorAssemblies (0ms)
				RefreshPlugins (0ms)
				BeforeProcessingInitializeOnLoad (67ms)
				ProcessInitializeOnLoadAttributes (158ms)
				ProcessInitializeOnLoadMethodAttributes (8ms)
				AfterProcessingInitializeOnLoad (3ms)
				EditorAssembliesLoaded (0ms)
			ExecutionOrderSort2 (0ms)
			AwakeInstancesAfterBackupRestoration (6ms)
Platform modules already initialized, skipping
Switching build target platform(19) subTarget(0) extendedPlatform(0) -> platform(13) subTarget(537395200) extendedPlatform(0)
Refreshing native plugins compatible for Editor in 0.44 ms, found 3 plugins.
Preloading 0 native plugins for Editor in 0.00 ms.
Unloading 2202 Unused Serialized files (Serialized files now loaded: 0)
System memory in use before: 99.1 MB.
System memory in use after: 99.1 MB.

Unloading 23 unused Assets to reduce memory usage. Loaded Objects now: 2654.
Total: 2.517600 ms (FindLiveObjects: 0.121500 ms CreateObjectMapping: 0.038300 ms MarkObjects: 2.234700 ms  DeleteObjects: 0.122000 ms)

AssetImportParameters requested are different than current active one (requested -> active):
  custom:framework-win-MediaFoundation: 216162199b28c13a410421893ffa2e32 -> 
  custom:video-decoder-ogg-theora: a1e56fd34408186e4bbccfd4996cb3dc -> 
  custom:container-muxer-webm: aa71ff27fc2769a1b78a27578f13a17b -> 
  custom:container-demuxer-webm: 4f35f7cbe854078d1ac9338744f61a02 -> 
  custom:container-demuxer-ogg: 62fdf1f143b41e24485cea50d1cbac27 -> 
  custom:video-encoder-webm-vp8: eb34c28f22e8b96e1ab97ce403110664 -> 
  custom:video-codec-MediaFoundation-h265: 746d11721c4dcdbdad8f713fa42b33f4 -> 
  custom:video-decoder-webm-vp8: 9c59270c3fd7afecdb556c50c9e8de78 -> 
  custom:graphics/normal-map-encoding: 01000000000000000000000000000000 -> 02000000000000000000000000000000
  custom:audio-decoder-ogg-vorbis: bf7c407c2cedff20999df2af8eb42d56 -> 
  custom:audio-encoder-webm-vorbis: bf7c407c2cedff20999df2af8eb42d56 -> 
========================================================================
Received Prepare
Refreshing native plugins compatible for Editor in 3.81 ms, found 3 plugins.
Preloading 0 native plugins for Editor in 0.00 ms.
Unloading 21 Unused Serialized files (Serialized files now loaded: 0)
System memory in use before: 56.1 MB.
System memory in use after: 56.1 MB.

Unloading 21 unused Assets to reduce memory usage. Loaded Objects now: 2654.
Total: 2.837100 ms (FindLiveObjects: 0.120000 ms CreateObjectMapping: 0.058300 ms MarkObjects: 2.544200 ms  DeleteObjects: 0.113700 ms)

AssetImportParameters requested are different than current active one (requested -> active):
  custom:framework-win-MediaFoundation: 216162199b28c13a410421893ffa2e32 -> 
  custom:video-decoder-ogg-theora: a1e56fd34408186e4bbccfd4996cb3dc -> 
  custom:container-muxer-webm: aa71ff27fc2769a1b78a27578f13a17b -> 
  custom:container-demuxer-webm: 4f35f7cbe854078d1ac9338744f61a02 -> 
  custom:container-demuxer-ogg: 62fdf1f143b41e24485cea50d1cbac27 -> 
  custom:video-encoder-webm-vp8: eb34c28f22e8b96e1ab97ce403110664 -> 
  custom:video-codec-MediaFoundation-h265: 746d11721c4dcdbdad8f713fa42b33f4 -> 
  custom:video-decoder-webm-vp8: 9c59270c3fd7afecdb556c50c9e8de78 -> 
  custom:audio-decoder-ogg-vorbis: bf7c407c2cedff20999df2af8eb42d56 -> 
  custom:audio-encoder-webm-vorbis: bf7c407c2cedff20999df2af8eb42d56 -> 
AssetImportWorkerClient::OnTransportError - code=2 error=End of file
